<?xml version="1.0" encoding="UTF-8"?>
<!-- Generated by org.testng.reporters.JUnitXMLReporter -->
<testsuite hostname="LAPTOP-9MBR2M9P" ignored="0" name="Command line test" tests="3" failures="3" timestamp="2019-10-28T15:53:10 IST" time="0.483" errors="0">
  <testcase name="@AfterMethod afterMethod" time="0.001" classname="base.BaseInitialPage">
    <failure type="java.lang.NullPointerException">
      <![CDATA[java.lang.NullPointerException
at base.BaseInitialPage.afterMethod(BaseInitialPage.java:31)
at java.util.ArrayList.forEach(ArrayList.java:1249)
... Removed 42 stack frames]]>
    </failure>
  </testcase> <!-- @AfterMethod afterMethod -->
  <testcase name="@AfterMethod afterMethod" time="0.001" classname="base.BaseInitialPage">
    <failure type="java.lang.NullPointerException">
      <![CDATA[java.lang.NullPointerException
at base.BaseInitialPage.afterMethod(BaseInitialPage.java:31)
at java.util.ArrayList.forEach(ArrayList.java:1249)
... Removed 42 stack frames]]>
    </failure>
  </testcase> <!-- @AfterMethod afterMethod -->
  <testcase name="@AfterMethod afterMethod" time="0.0" classname="base.BaseInitialPage">
    <failure type="java.lang.NullPointerException">
      <![CDATA[java.lang.NullPointerException
at base.BaseInitialPage.afterMethod(BaseInitialPage.java:31)
at java.util.ArrayList.forEach(ArrayList.java:1249)
... Removed 42 stack frames]]>
    </failure>
  </testcase> <!-- @AfterMethod afterMethod -->
  <testcase name="f" time="0.006" classname="Script.NewTest">
    <failure type="java.lang.NullPointerException">
      <![CDATA[java.lang.NullPointerException
at Script.NewTest.f(NewTest.java:10)
at java.util.ArrayList.forEach(ArrayList.java:1249)
... Removed 37 stack frames]]>
    </failure>
  </testcase> <!-- f -->
  <testcase name="f" time="0.001" classname="Script.TestItestcontext">
    <failure type="java.lang.NullPointerException">
      <![CDATA[java.lang.NullPointerException
at Script.TestItestcontext.f(TestItestcontext.java:13)
at java.util.ArrayList.forEach(ArrayList.java:1249)
... Removed 37 stack frames]]>
    </failure>
  </testcase> <!-- f -->
  <testcase name="f" time="0.0" classname="Script.TestOne">
    <failure type="java.lang.NullPointerException">
      <![CDATA[java.lang.NullPointerException
at Script.TestOne.f(TestOne.java:13)
at java.util.ArrayList.forEach(ArrayList.java:1249)
... Removed 37 stack frames]]>
    </failure>
  </testcase> <!-- f -->
</testsuite> <!-- Command line test -->
