<?xml version="1.0" encoding="UTF-8" ?>
<testsuite tests="6" failures="6" name="TestSuite" time="0.031" errors="0" skipped="0">
  <properties>
[...]
</properties>
  <testcase classname="Script.NewTest" name="f" time="0.008">
    <failure type="java.lang.NullPointerException">java.lang.NullPointerException
	at Script.NewTest.f(NewTest.java:10)
</failure>
    <system-out>Configuring TestNG with: org.apache.maven.surefire.testng.conf.TestNG652Configurator@7d4793a8
Error: java.lang.NullPointerException
</system-out>
  </testcase>
  <testcase classname="Script.NewTest" name="afterMethod" time="0.012">
    <failure type="java.lang.NullPointerException">java.lang.NullPointerException
	at base.BaseInitialPage.afterMethod(BaseInitialPage.java:31)
	at sun.reflect.NativeMethodAccessorImpl.invoke0(Native Method)
	at sun.reflect.NativeMethodAccessorImpl.invoke(NativeMethodAccessorImpl.java:62)
	at sun.reflect.DelegatingMethodAccessorImpl.invoke(DelegatingMethodAccessorImpl.java:43)
	at java.lang.reflect.Method.invoke(Method.java:498)
	at org.testng.internal.MethodInvocationHelper.invokeMethod(MethodInvocationHelper.java:133)
	at org.testng.internal.MethodInvocationHelper.invokeMethodConsideringTimeout(MethodInvocationHelper.java:62)
	at org.testng.internal.ConfigInvoker.invokeConfigurationMethod(ConfigInvoker.java:340)
	at org.testng.internal.ConfigInvoker.invokeConfigurations(ConfigInvoker.java:294)
	at org.testng.internal.TestInvoker.runConfigMethods(TestInvoker.java:683)
	at org.testng.internal.TestInvoker.runAfterGroupsConfigurations(TestInvoker.java:658)
	at org.testng.internal.TestInvoker.invokeMethod(TestInvoker.java:642)
	at org.testng.internal.TestInvoker.invokeTestMethod(TestInvoker.java:172)
	at org.testng.internal.MethodRunner.runInSequence(MethodRunner.java:46)
	at org.testng.internal.TestInvoker$MethodInvocationAgent.invoke(TestInvoker.java:804)
	at org.testng.internal.TestInvoker.invokeTestMethods(TestInvoker.java:145)
	at org.testng.internal.TestMethodWorker.invokeTestMethods(TestMethodWorker.java:146)
	at org.testng.internal.TestMethodWorker.run(TestMethodWorker.java:128)
	at java.util.ArrayList.forEach(ArrayList.java:1249)
	at org.testng.TestRunner.privateRun(TestRunner.java:770)
	at org.testng.TestRunner.run(TestRunner.java:591)
	at org.testng.SuiteRunner.runTest(SuiteRunner.java:402)
	at org.testng.SuiteRunner.runSequentially(SuiteRunner.java:396)
	at org.testng.SuiteRunner.privateRun(SuiteRunner.java:355)
	at org.testng.SuiteRunner.run(SuiteRunner.java:304)
	at org.testng.SuiteRunnerWorker.runSuite(SuiteRunnerWorker.java:53)
	at org.testng.SuiteRunnerWorker.run(SuiteRunnerWorker.java:96)
	at org.testng.TestNG.runSuitesSequentially(TestNG.java:1180)
	at org.testng.TestNG.runSuitesLocally(TestNG.java:1102)
	at org.testng.TestNG.runSuites(TestNG.java:1032)
	at org.testng.TestNG.run(TestNG.java:1000)
	at org.apache.maven.surefire.testng.TestNGExecutor.run(TestNGExecutor.java:77)
	at org.apache.maven.surefire.testng.TestNGDirectoryTestSuite.executeMulti(TestNGDirectoryTestSuite.java:159)
	at org.apache.maven.surefire.testng.TestNGDirectoryTestSuite.execute(TestNGDirectoryTestSuite.java:99)
	at org.apache.maven.surefire.testng.TestNGProvider.invoke(TestNGProvider.java:106)
	at sun.reflect.NativeMethodAccessorImpl.invoke0(Native Method)
	at sun.reflect.NativeMethodAccessorImpl.invoke(NativeMethodAccessorImpl.java:62)
	at sun.reflect.DelegatingMethodAccessorImpl.invoke(DelegatingMethodAccessorImpl.java:43)
	at java.lang.reflect.Method.invoke(Method.java:498)
	at org.apache.maven.surefire.util.ReflectionUtils.invokeMethodWithArray(ReflectionUtils.java:189)
	at org.apache.maven.surefire.booter.ProviderFactory$ProviderProxy.invoke(ProviderFactory.java:165)
	at org.apache.maven.surefire.booter.ProviderFactory.invokeProvider(ProviderFactory.java:85)
	at org.apache.maven.surefire.booter.ForkedBooter.runSuitesInProcess(ForkedBooter.java:115)
	at org.apache.maven.surefire.booter.ForkedBooter.main(ForkedBooter.java:75)
</failure>
  </testcase>
  <testcase classname="Script.TestItestcontext" name="f" time="0">
    <failure type="java.lang.NullPointerException">java.lang.NullPointerException
	at Script.TestItestcontext.f(TestItestcontext.java:13)
</failure>
    <system-out>Error: java.lang.NullPointerException
</system-out>
  </testcase>
  <testcase classname="Script.TestItestcontext" name="afterMethod" time="0.003">
    <failure type="java.lang.NullPointerException">java.lang.NullPointerException
	at base.BaseInitialPage.afterMethod(BaseInitialPage.java:31)
	at sun.reflect.NativeMethodAccessorImpl.invoke0(Native Method)
	at sun.reflect.NativeMethodAccessorImpl.invoke(NativeMethodAccessorImpl.java:62)
	at sun.reflect.DelegatingMethodAccessorImpl.invoke(DelegatingMethodAccessorImpl.java:43)
	at java.lang.reflect.Method.invoke(Method.java:498)
	at org.testng.internal.MethodInvocationHelper.invokeMethod(MethodInvocationHelper.java:133)
	at org.testng.internal.MethodInvocationHelper.invokeMethodConsideringTimeout(MethodInvocationHelper.java:62)
	at org.testng.internal.ConfigInvoker.invokeConfigurationMethod(ConfigInvoker.java:340)
	at org.testng.internal.ConfigInvoker.invokeConfigurations(ConfigInvoker.java:294)
	at org.testng.internal.TestInvoker.runConfigMethods(TestInvoker.java:683)
	at org.testng.internal.TestInvoker.runAfterGroupsConfigurations(TestInvoker.java:658)
	at org.testng.internal.TestInvoker.invokeMethod(TestInvoker.java:642)
	at org.testng.internal.TestInvoker.invokeTestMethod(TestInvoker.java:172)
	at org.testng.internal.MethodRunner.runInSequence(MethodRunner.java:46)
	at org.testng.internal.TestInvoker$MethodInvocationAgent.invoke(TestInvoker.java:804)
	at org.testng.internal.TestInvoker.invokeTestMethods(TestInvoker.java:145)
	at org.testng.internal.TestMethodWorker.invokeTestMethods(TestMethodWorker.java:146)
	at org.testng.internal.TestMethodWorker.run(TestMethodWorker.java:128)
	at java.util.ArrayList.forEach(ArrayList.java:1249)
	at org.testng.TestRunner.privateRun(TestRunner.java:770)
	at org.testng.TestRunner.run(TestRunner.java:591)
	at org.testng.SuiteRunner.runTest(SuiteRunner.java:402)
	at org.testng.SuiteRunner.runSequentially(SuiteRunner.java:396)
	at org.testng.SuiteRunner.privateRun(SuiteRunner.java:355)
	at org.testng.SuiteRunner.run(SuiteRunner.java:304)
	at org.testng.SuiteRunnerWorker.runSuite(SuiteRunnerWorker.java:53)
	at org.testng.SuiteRunnerWorker.run(SuiteRunnerWorker.java:96)
	at org.testng.TestNG.runSuitesSequentially(TestNG.java:1180)
	at org.testng.TestNG.runSuitesLocally(TestNG.java:1102)
	at org.testng.TestNG.runSuites(TestNG.java:1032)
	at org.testng.TestNG.run(TestNG.java:1000)
	at org.apache.maven.surefire.testng.TestNGExecutor.run(TestNGExecutor.java:77)
	at org.apache.maven.surefire.testng.TestNGDirectoryTestSuite.executeMulti(TestNGDirectoryTestSuite.java:159)
	at org.apache.maven.surefire.testng.TestNGDirectoryTestSuite.execute(TestNGDirectoryTestSuite.java:99)
	at org.apache.maven.surefire.testng.TestNGProvider.invoke(TestNGProvider.java:106)
	at sun.reflect.NativeMethodAccessorImpl.invoke0(Native Method)
	at sun.reflect.NativeMethodAccessorImpl.invoke(NativeMethodAccessorImpl.java:62)
	at sun.reflect.DelegatingMethodAccessorImpl.invoke(DelegatingMethodAccessorImpl.java:43)
	at java.lang.reflect.Method.invoke(Method.java:498)
	at org.apache.maven.surefire.util.ReflectionUtils.invokeMethodWithArray(ReflectionUtils.java:189)
	at org.apache.maven.surefire.booter.ProviderFactory$ProviderProxy.invoke(ProviderFactory.java:165)
	at org.apache.maven.surefire.booter.ProviderFactory.invokeProvider(ProviderFactory.java:85)
	at org.apache.maven.surefire.booter.ForkedBooter.runSuitesInProcess(ForkedBooter.java:115)
	at org.apache.maven.surefire.booter.ForkedBooter.main(ForkedBooter.java:75)
</failure>
  </testcase>
  <testcase classname="Script.TestOne" name="f" time="0.004">
    <failure type="java.lang.NullPointerException">java.lang.NullPointerException
	at Script.TestOne.f(TestOne.java:13)
</failure>
    <system-out>Error: java.lang.NullPointerException
</system-out>
  </testcase>
  <testcase classname="Script.TestOne" name="afterMethod" time="0.004">
    <failure type="java.lang.NullPointerException">java.lang.NullPointerException
	at base.BaseInitialPage.afterMethod(BaseInitialPage.java:31)
	at sun.reflect.NativeMethodAccessorImpl.invoke0(Native Method)
	at sun.reflect.NativeMethodAccessorImpl.invoke(NativeMethodAccessorImpl.java:62)
	at sun.reflect.DelegatingMethodAccessorImpl.invoke(DelegatingMethodAccessorImpl.java:43)
	at java.lang.reflect.Method.invoke(Method.java:498)
	at org.testng.internal.MethodInvocationHelper.invokeMethod(MethodInvocationHelper.java:133)
	at org.testng.internal.MethodInvocationHelper.invokeMethodConsideringTimeout(MethodInvocationHelper.java:62)
	at org.testng.internal.ConfigInvoker.invokeConfigurationMethod(ConfigInvoker.java:340)
	at org.testng.internal.ConfigInvoker.invokeConfigurations(ConfigInvoker.java:294)
	at org.testng.internal.TestInvoker.runConfigMethods(TestInvoker.java:683)
	at org.testng.internal.TestInvoker.runAfterGroupsConfigurations(TestInvoker.java:658)
	at org.testng.internal.TestInvoker.invokeMethod(TestInvoker.java:642)
	at org.testng.internal.TestInvoker.invokeTestMethod(TestInvoker.java:172)
	at org.testng.internal.MethodRunner.runInSequence(MethodRunner.java:46)
	at org.testng.internal.TestInvoker$MethodInvocationAgent.invoke(TestInvoker.java:804)
	at org.testng.internal.TestInvoker.invokeTestMethods(TestInvoker.java:145)
	at org.testng.internal.TestMethodWorker.invokeTestMethods(TestMethodWorker.java:146)
	at org.testng.internal.TestMethodWorker.run(TestMethodWorker.java:128)
	at java.util.ArrayList.forEach(ArrayList.java:1249)
	at org.testng.TestRunner.privateRun(TestRunner.java:770)
	at org.testng.TestRunner.run(TestRunner.java:591)
	at org.testng.SuiteRunner.runTest(SuiteRunner.java:402)
	at org.testng.SuiteRunner.runSequentially(SuiteRunner.java:396)
	at org.testng.SuiteRunner.privateRun(SuiteRunner.java:355)
	at org.testng.SuiteRunner.run(SuiteRunner.java:304)
	at org.testng.SuiteRunnerWorker.runSuite(SuiteRunnerWorker.java:53)
	at org.testng.SuiteRunnerWorker.run(SuiteRunnerWorker.java:96)
	at org.testng.TestNG.runSuitesSequentially(TestNG.java:1180)
	at org.testng.TestNG.runSuitesLocally(TestNG.java:1102)
	at org.testng.TestNG.runSuites(TestNG.java:1032)
	at org.testng.TestNG.run(TestNG.java:1000)
	at org.apache.maven.surefire.testng.TestNGExecutor.run(TestNGExecutor.java:77)
	at org.apache.maven.surefire.testng.TestNGDirectoryTestSuite.executeMulti(TestNGDirectoryTestSuite.java:159)
	at org.apache.maven.surefire.testng.TestNGDirectoryTestSuite.execute(TestNGDirectoryTestSuite.java:99)
	at org.apache.maven.surefire.testng.TestNGProvider.invoke(TestNGProvider.java:106)
	at sun.reflect.NativeMethodAccessorImpl.invoke0(Native Method)
	at sun.reflect.NativeMethodAccessorImpl.invoke(NativeMethodAccessorImpl.java:62)
	at sun.reflect.DelegatingMethodAccessorImpl.invoke(DelegatingMethodAccessorImpl.java:43)
	at java.lang.reflect.Method.invoke(Method.java:498)
	at org.apache.maven.surefire.util.ReflectionUtils.invokeMethodWithArray(ReflectionUtils.java:189)
	at org.apache.maven.surefire.booter.ProviderFactory$ProviderProxy.invoke(ProviderFactory.java:165)
	at org.apache.maven.surefire.booter.ProviderFactory.invokeProvider(ProviderFactory.java:85)
	at org.apache.maven.surefire.booter.ForkedBooter.runSuitesInProcess(ForkedBooter.java:115)
	at org.apache.maven.surefire.booter.ForkedBooter.main(ForkedBooter.java:75)
</failure>
  </testcase>
</testsuite>